<?xml version="1.0" encoding="UTF-8"?>
<TestRun id="d26e6ad4-3f91-45d5-b99c-7b06524d243f" name="Jonathan@LUBU 2009-05-31 02:20:01" runUser="Lubu\Jonathan" xmlns="http://microsoft.com/schemas/VisualStudio/TeamTest/2006">
  <TestRunConfiguration name="Default Run Configuration" id="6d5bfeb4-6177-495a-80f8-80155d5c67bc">
    <Deployment runDeploymentRoot="C:\Users\Jonathan\Documents\Visual Studio 2008\Projects\Praetorian\ExpenseDomain_Test\bin\Debug\TestResults\Jonathan_LUBU 2009-05-31 02_20_01" />
    <Hosts skipUnhostableTests="false" />
    <TestTypeSpecific />
  </TestRunConfiguration>
  <ResultSummary outcome="Failed">
    <Counters total="3" executed="3" error="0" failed="3" timeout="0" aborted="0" inconclusive="0" passedButRunAborted="0" notRunnable="0" notExecuted="0" disconnected="0" warning="0" passed="0" completed="0" inProgress="0" pending="0" />
  </ResultSummary>
  <Times creation="2009-05-31T02:20:01.1250000-05:00" queuing="2009-05-31T02:20:19.2530000-05:00" start="2009-05-31T02:20:20.9480000-05:00" finish="2009-05-31T02:20:31.1920000-05:00" />
  <TestDefinitions>
    <UnitTest name="Should_create_an_expense" storage="c:\users\jonathan\documents\visual studio 2008\projects\praetorian\expensedomain_test\bin\debug\expensedomain_test.dll" id="e612c7b2-b94b-be1a-df00-8193af270dcf">
      <Css projectStructure="" iteration="" />
      <Execution timeOut="1800000" id="c1375d0e-64ed-4ce8-9315-aec70180a359" />
      <Owners>
        <Owner name="" />
      </Owners>
      <TestMethod codeBase="C:/Users/Jonathan/Documents/Visual Studio 2008/Projects/Praetorian/ExpenseDomain_Test/bin/Debug/ExpenseDomain_Test.DLL" adapterTypeName="Microsoft.VisualStudio.TestTools.TestTypes.Unit.UnitTestAdapter, Microsoft.VisualStudio.QualityTools.Tips.UnitTest.Adapter" className="ExpenseDomain_Test.ExpenseAggregateTests.WhenCreatingAnExpense, ExpenseDomain_Test, Version=1.0.0.0, Culture=neutral, PublicKeyToken=null" name="Should_create_an_expense" />
    </UnitTest>
    <UnitTest name="Should_set_title_on_created_event" storage="c:\users\jonathan\documents\visual studio 2008\projects\praetorian\expensedomain_test\bin\debug\expensedomain_test.dll" id="e67ca23b-2c98-8651-9e4e-5f6592059c27">
      <Css projectStructure="" iteration="" />
      <Execution timeOut="1800000" id="9a84f4ad-8890-4003-84d8-a539181d7acf" />
      <Owners>
        <Owner name="" />
      </Owners>
      <TestMethod codeBase="C:/Users/Jonathan/Documents/Visual Studio 2008/Projects/Praetorian/ExpenseDomain_Test/bin/Debug/ExpenseDomain_Test.DLL" adapterTypeName="Microsoft.VisualStudio.TestTools.TestTypes.Unit.UnitTestAdapter, Microsoft.VisualStudio.QualityTools.Tips.UnitTest.Adapter" className="ExpenseDomain_Test.ExpenseAggregateTests.WhenCreatingAnExpense, ExpenseDomain_Test, Version=1.0.0.0, Culture=neutral, PublicKeyToken=null" name="Should_set_title_on_created_event" />
    </UnitTest>
    <UnitTest name="Should_only_have_one_event" storage="c:\users\jonathan\documents\visual studio 2008\projects\praetorian\expensedomain_test\bin\debug\expensedomain_test.dll" id="221e905a-9224-7f2d-0419-7cb4faa009d4">
      <Css projectStructure="" iteration="" />
      <Execution timeOut="1800000" id="c75e2dfb-61bd-43eb-8b46-96a13855efe7" />
      <Owners>
        <Owner name="" />
      </Owners>
      <TestMethod codeBase="C:/Users/Jonathan/Documents/Visual Studio 2008/Projects/Praetorian/ExpenseDomain_Test/bin/Debug/ExpenseDomain_Test.DLL" adapterTypeName="Microsoft.VisualStudio.TestTools.TestTypes.Unit.UnitTestAdapter, Microsoft.VisualStudio.QualityTools.Tips.UnitTest.Adapter" className="ExpenseDomain_Test.ExpenseAggregateTests.WhenCreatingAnExpense, ExpenseDomain_Test, Version=1.0.0.0, Culture=neutral, PublicKeyToken=null" name="Should_only_have_one_event" />
    </UnitTest>
  </TestDefinitions>
  <TestLists>
    <TestList name="Results Not in a List" id="8c84fa94-04c1-424b-9868-57a2d4851a1d" />
    <TestList name="All Loaded Results" id="19431567-8539-422a-85d7-44ee4e166bda" />
  </TestLists>
  <TestEntries>
    <TestEntry testId="e612c7b2-b94b-be1a-df00-8193af270dcf" executionId="c1375d0e-64ed-4ce8-9315-aec70180a359" testListId="8c84fa94-04c1-424b-9868-57a2d4851a1d" />
    <TestEntry testId="221e905a-9224-7f2d-0419-7cb4faa009d4" executionId="c75e2dfb-61bd-43eb-8b46-96a13855efe7" testListId="8c84fa94-04c1-424b-9868-57a2d4851a1d" />
    <TestEntry testId="e67ca23b-2c98-8651-9e4e-5f6592059c27" executionId="9a84f4ad-8890-4003-84d8-a539181d7acf" testListId="8c84fa94-04c1-424b-9868-57a2d4851a1d" />
  </TestEntries>
  <Results>
    <UnitTestResult executionId="c1375d0e-64ed-4ce8-9315-aec70180a359" testId="e612c7b2-b94b-be1a-df00-8193af270dcf" testName="Should_create_an_expense" computerName="LUBU" duration="00:00:06.8427062" startTime="2009-05-31T02:20:21.9020000-05:00" endTime="2009-05-31T02:20:30.2590000-05:00" testType="13cdc9d9-ddb5-4fa4-a97d-d965ccfc6d4b" outcome="Failed" testListId="8c84fa94-04c1-424b-9868-57a2d4851a1d">
      <Output>
        <Exception>Exception has been thrown by the target of an invocation.</Exception>
        <ErrorInfo>
          <Message>Unable to create instance of class ExpenseDomain_Test.ExpenseAggregateTests.WhenCreatingAnExpense. Error:  Microsoft.Practices.Unity.ResolutionFailedException: Resolution of the dependency failed, type = "Foundation.Messages.MessageBroker", name = "". Exception message is: The current build operation (build key Build Key[Foundation.Messages.MessageBroker, null]) failed: The value for the property "MessageConsumerRepository" could not be resolved. (Strategy type BuildPlanStrategy, index 3) ---&gt;  Microsoft.Practices.ObjectBuilder2.BuildFailedException: The current build operation (build key Build Key[Foundation.Messages.MessageBroker, null]) failed: The value for the property "MessageConsumerRepository" could not be resolved. (Strategy type BuildPlanStrategy, index 3) ---&gt;  System.InvalidOperationException: The value for the property "MessageConsumerRepository" could not be resolved. ---&gt;  Microsoft.Practices.ObjectBuilder2.BuildFailedException: The current build operation (build key Build Key[Foundation.Messages.IMessageConsumerRepository, null]) failed: The current type, Foundation.Messages.IMessageConsumerRepository, is an interface and cannot be constructed. Are you missing a type mapping? (Strategy type BuildPlanStrategy, index 3) ---&gt;  System.InvalidOperationException: The current type, Foundation.Messages.IMessageConsumerRepository, is an interface and cannot be constructed. Are you missing a type mapping?.</Message>
          <StackTrace>    at Microsoft.Practices.ObjectBuilder2.DynamicMethodConstructorStrategy.ThrowForAttemptingToConstructInterface(IBuilderContext context)
   at BuildUp_Foundation.Messages.IMessageConsumerRepository(IBuilderContext )
   at Microsoft.Practices.ObjectBuilder2.DynamicMethodBuildPlan.BuildUp(IBuilderContext context)
   at Microsoft.Practices.ObjectBuilder2.BuildPlanStrategy.PreBuildUp(IBuilderContext context)
   at Microsoft.Practices.ObjectBuilder2.StrategyChain.ExecuteBuildUp(IBuilderContext context)
 --- End of inner exception stack trace ---
    at Microsoft.Practices.ObjectBuilder2.StrategyChain.ExecuteBuildUp(IBuilderContext context)
   at Microsoft.Practices.Unity.ObjectBuilder.NamedTypeDependencyResolverPolicy.Resolve(IBuilderContext context)
   at BuildUp_Foundation.Messages.MessageBroker(IBuilderContext )
 --- End of inner exception stack trace ---
    at Microsoft.Practices.ObjectBuilder2.DynamicMethodPropertySetterStrategy.ThrowOnFailedPropertyValueResolution(Exception inner, String propertyName)
   at BuildUp_Foundation.Messages.MessageBroker(IBuilderContext )
   at Microsoft.Practices.ObjectBuilder2.DynamicMethodBuildPlan.BuildUp(IBuilderContext context)
   at Microsoft.Practices.ObjectBuilder2.BuildPlanStrategy.PreBuildUp(IBuilderContext context)
   at Microsoft.Practices.ObjectBuilder2.StrategyChain.ExecuteBuildUp(IBuilderContext context)
 --- End of inner exception stack trace ---
    at Microsoft.Practices.ObjectBuilder2.StrategyChain.ExecuteBuildUp(IBuilderContext context)
   at Microsoft.Practices.ObjectBuilder2.Builder.BuildUp(IReadWriteLocator locator, ILifetimeContainer lifetime, IPolicyList policies, IStrategyChain strategies, Object buildKey, Object existing)
   at Microsoft.Practices.Unity.UnityContainer.DoBuildUp(Type t, Object existing, String name)
 --- End of inner exception stack trace ---
    at Microsoft.Practices.Unity.UnityContainer.DoBuildUp(Type t, Object existing, String name)
   at Microsoft.Practices.Unity.UnityContainer.Resolve(Type t, String name)
   at Microsoft.Practices.Unity.UnityContainerBase.Resolve[T]()
   at Foundation.Messages.MessageBroker.Setup(IUnityContainer container) in C:\Users\Jonathan\Documents\Visual Studio 2008\Projects\Praetorian\Foundation\Messages\MessageBroker.cs:line 21
   at Foundation_Test.Contexts.DomainContext..ctor() in C:\Users\Jonathan\Documents\Visual Studio 2008\Projects\Praetorian\Foundation_Test\Contexts\DomainContext.cs:line 34
   at ExpenseDomain_Test.Contexts.ExpenseDomainContext..ctor()
   at ExpenseDomain_Test.ExpenseAggregateTests.WhenCreatingAnExpense..ctor()
</StackTrace>
        </ErrorInfo>
      </Output>
    </UnitTestResult>
    <UnitTestResult executionId="c75e2dfb-61bd-43eb-8b46-96a13855efe7" testId="221e905a-9224-7f2d-0419-7cb4faa009d4" testName="Should_only_have_one_event" computerName="LUBU" duration="00:00:00.1218814" startTime="2009-05-31T02:20:30.3150000-05:00" endTime="2009-05-31T02:20:30.5010000-05:00" testType="13cdc9d9-ddb5-4fa4-a97d-d965ccfc6d4b" outcome="Failed" testListId="8c84fa94-04c1-424b-9868-57a2d4851a1d">
      <Output>
        <Exception>Exception has been thrown by the target of an invocation.</Exception>
        <ErrorInfo>
          <Message>Unable to create instance of class ExpenseDomain_Test.ExpenseAggregateTests.WhenCreatingAnExpense. Error:  Microsoft.Practices.Unity.ResolutionFailedException: Resolution of the dependency failed, type = "Foundation.Messages.MessageBroker", name = "". Exception message is: The current build operation (build key Build Key[Foundation.Messages.MessageBroker, null]) failed: The value for the property "MessageConsumerRepository" could not be resolved. (Strategy type BuildPlanStrategy, index 3) ---&gt;  Microsoft.Practices.ObjectBuilder2.BuildFailedException: The current build operation (build key Build Key[Foundation.Messages.MessageBroker, null]) failed: The value for the property "MessageConsumerRepository" could not be resolved. (Strategy type BuildPlanStrategy, index 3) ---&gt;  System.InvalidOperationException: The value for the property "MessageConsumerRepository" could not be resolved. ---&gt;  Microsoft.Practices.ObjectBuilder2.BuildFailedException: The current build operation (build key Build Key[Foundation.Messages.IMessageConsumerRepository, null]) failed: The current type, Foundation.Messages.IMessageConsumerRepository, is an interface and cannot be constructed. Are you missing a type mapping? (Strategy type BuildPlanStrategy, index 3) ---&gt;  System.InvalidOperationException: The current type, Foundation.Messages.IMessageConsumerRepository, is an interface and cannot be constructed. Are you missing a type mapping?.</Message>
          <StackTrace>    at Microsoft.Practices.ObjectBuilder2.DynamicMethodConstructorStrategy.ThrowForAttemptingToConstructInterface(IBuilderContext context)
   at BuildUp_Foundation.Messages.IMessageConsumerRepository(IBuilderContext )
   at Microsoft.Practices.ObjectBuilder2.DynamicMethodBuildPlan.BuildUp(IBuilderContext context)
   at Microsoft.Practices.ObjectBuilder2.BuildPlanStrategy.PreBuildUp(IBuilderContext context)
   at Microsoft.Practices.ObjectBuilder2.StrategyChain.ExecuteBuildUp(IBuilderContext context)
 --- End of inner exception stack trace ---
    at Microsoft.Practices.ObjectBuilder2.StrategyChain.ExecuteBuildUp(IBuilderContext context)
   at Microsoft.Practices.Unity.ObjectBuilder.NamedTypeDependencyResolverPolicy.Resolve(IBuilderContext context)
   at BuildUp_Foundation.Messages.MessageBroker(IBuilderContext )
 --- End of inner exception stack trace ---
    at Microsoft.Practices.ObjectBuilder2.DynamicMethodPropertySetterStrategy.ThrowOnFailedPropertyValueResolution(Exception inner, String propertyName)
   at BuildUp_Foundation.Messages.MessageBroker(IBuilderContext )
   at Microsoft.Practices.ObjectBuilder2.DynamicMethodBuildPlan.BuildUp(IBuilderContext context)
   at Microsoft.Practices.ObjectBuilder2.BuildPlanStrategy.PreBuildUp(IBuilderContext context)
   at Microsoft.Practices.ObjectBuilder2.StrategyChain.ExecuteBuildUp(IBuilderContext context)
 --- End of inner exception stack trace ---
    at Microsoft.Practices.ObjectBuilder2.StrategyChain.ExecuteBuildUp(IBuilderContext context)
   at Microsoft.Practices.ObjectBuilder2.Builder.BuildUp(IReadWriteLocator locator, ILifetimeContainer lifetime, IPolicyList policies, IStrategyChain strategies, Object buildKey, Object existing)
   at Microsoft.Practices.Unity.UnityContainer.DoBuildUp(Type t, Object existing, String name)
 --- End of inner exception stack trace ---
    at Microsoft.Practices.Unity.UnityContainer.DoBuildUp(Type t, Object existing, String name)
   at Microsoft.Practices.Unity.UnityContainer.Resolve(Type t, String name)
   at Microsoft.Practices.Unity.UnityContainerBase.Resolve[T]()
   at Foundation.Messages.MessageBroker.Setup(IUnityContainer container) in C:\Users\Jonathan\Documents\Visual Studio 2008\Projects\Praetorian\Foundation\Messages\MessageBroker.cs:line 21
   at Foundation_Test.Contexts.DomainContext..ctor() in C:\Users\Jonathan\Documents\Visual Studio 2008\Projects\Praetorian\Foundation_Test\Contexts\DomainContext.cs:line 34
   at ExpenseDomain_Test.Contexts.ExpenseDomainContext..ctor()
   at ExpenseDomain_Test.ExpenseAggregateTests.WhenCreatingAnExpense..ctor()
</StackTrace>
        </ErrorInfo>
      </Output>
    </UnitTestResult>
    <UnitTestResult executionId="9a84f4ad-8890-4003-84d8-a539181d7acf" testId="e67ca23b-2c98-8651-9e4e-5f6592059c27" testName="Should_set_title_on_created_event" computerName="LUBU" duration="00:00:00.0604737" startTime="2009-05-31T02:20:30.5060000-05:00" endTime="2009-05-31T02:20:30.6850000-05:00" testType="13cdc9d9-ddb5-4fa4-a97d-d965ccfc6d4b" outcome="Failed" testListId="8c84fa94-04c1-424b-9868-57a2d4851a1d">
      <Output>
        <Exception>Exception has been thrown by the target of an invocation.</Exception>
        <ErrorInfo>
          <Message>Unable to create instance of class ExpenseDomain_Test.ExpenseAggregateTests.WhenCreatingAnExpense. Error:  Microsoft.Practices.Unity.ResolutionFailedException: Resolution of the dependency failed, type = "Foundation.Messages.MessageBroker", name = "". Exception message is: The current build operation (build key Build Key[Foundation.Messages.MessageBroker, null]) failed: The value for the property "MessageConsumerRepository" could not be resolved. (Strategy type BuildPlanStrategy, index 3) ---&gt;  Microsoft.Practices.ObjectBuilder2.BuildFailedException: The current build operation (build key Build Key[Foundation.Messages.MessageBroker, null]) failed: The value for the property "MessageConsumerRepository" could not be resolved. (Strategy type BuildPlanStrategy, index 3) ---&gt;  System.InvalidOperationException: The value for the property "MessageConsumerRepository" could not be resolved. ---&gt;  Microsoft.Practices.ObjectBuilder2.BuildFailedException: The current build operation (build key Build Key[Foundation.Messages.IMessageConsumerRepository, null]) failed: The current type, Foundation.Messages.IMessageConsumerRepository, is an interface and cannot be constructed. Are you missing a type mapping? (Strategy type BuildPlanStrategy, index 3) ---&gt;  System.InvalidOperationException: The current type, Foundation.Messages.IMessageConsumerRepository, is an interface and cannot be constructed. Are you missing a type mapping?.</Message>
          <StackTrace>    at Microsoft.Practices.ObjectBuilder2.DynamicMethodConstructorStrategy.ThrowForAttemptingToConstructInterface(IBuilderContext context)
   at BuildUp_Foundation.Messages.IMessageConsumerRepository(IBuilderContext )
   at Microsoft.Practices.ObjectBuilder2.DynamicMethodBuildPlan.BuildUp(IBuilderContext context)
   at Microsoft.Practices.ObjectBuilder2.BuildPlanStrategy.PreBuildUp(IBuilderContext context)
   at Microsoft.Practices.ObjectBuilder2.StrategyChain.ExecuteBuildUp(IBuilderContext context)
 --- End of inner exception stack trace ---
    at Microsoft.Practices.ObjectBuilder2.StrategyChain.ExecuteBuildUp(IBuilderContext context)
   at Microsoft.Practices.Unity.ObjectBuilder.NamedTypeDependencyResolverPolicy.Resolve(IBuilderContext context)
   at BuildUp_Foundation.Messages.MessageBroker(IBuilderContext )
 --- End of inner exception stack trace ---
    at Microsoft.Practices.ObjectBuilder2.DynamicMethodPropertySetterStrategy.ThrowOnFailedPropertyValueResolution(Exception inner, String propertyName)
   at BuildUp_Foundation.Messages.MessageBroker(IBuilderContext )
   at Microsoft.Practices.ObjectBuilder2.DynamicMethodBuildPlan.BuildUp(IBuilderContext context)
   at Microsoft.Practices.ObjectBuilder2.BuildPlanStrategy.PreBuildUp(IBuilderContext context)
   at Microsoft.Practices.ObjectBuilder2.StrategyChain.ExecuteBuildUp(IBuilderContext context)
 --- End of inner exception stack trace ---
    at Microsoft.Practices.ObjectBuilder2.StrategyChain.ExecuteBuildUp(IBuilderContext context)
   at Microsoft.Practices.ObjectBuilder2.Builder.BuildUp(IReadWriteLocator locator, ILifetimeContainer lifetime, IPolicyList policies, IStrategyChain strategies, Object buildKey, Object existing)
   at Microsoft.Practices.Unity.UnityContainer.DoBuildUp(Type t, Object existing, String name)
 --- End of inner exception stack trace ---
    at Microsoft.Practices.Unity.UnityContainer.DoBuildUp(Type t, Object existing, String name)
   at Microsoft.Practices.Unity.UnityContainer.Resolve(Type t, String name)
   at Microsoft.Practices.Unity.UnityContainerBase.Resolve[T]()
   at Foundation.Messages.MessageBroker.Setup(IUnityContainer container) in C:\Users\Jonathan\Documents\Visual Studio 2008\Projects\Praetorian\Foundation\Messages\MessageBroker.cs:line 21
   at Foundation_Test.Contexts.DomainContext..ctor() in C:\Users\Jonathan\Documents\Visual Studio 2008\Projects\Praetorian\Foundation_Test\Contexts\DomainContext.cs:line 34
   at ExpenseDomain_Test.Contexts.ExpenseDomainContext..ctor()
   at ExpenseDomain_Test.ExpenseAggregateTests.WhenCreatingAnExpense..ctor()
</StackTrace>
        </ErrorInfo>
      </Output>
    </UnitTestResult>
  </Results>
</TestRun>